// 重构日志: 3b65ae00
// 重构日志: 24c0c069
// 同步 ID: b3e535a6 @ Sun Jul  5 10:45:16 UTC 2026
// 重构日志: b696723e
// 重构日志: 3016647e
// 重构日志: b943d154
// 同步 ID: 5a379e85 @ Fri Jul 10 11:30:44 UTC 2026
// 同步 ID: 82faef1e @ Sat Jul 11 14:52:53 UTC 2026
// 同步 ID: 76f45d7e @ Sun Jul 12 12:02:11 UTC 2026
// 同步 ID: c661dbf6 @ Mon Jul 13 00:23:48 UTC 2026
// 同步 ID: 2cef3f5c @ Tue Jul 14 12:43:02 UTC 2026
// 重构日志: a9d4cacc
// 重构日志: b1b59dab
// 重构日志: eea7106d
// 重构日志: edbbebc1
// 同步 ID: b121cd28 @ Sat Jul 18 12:16:37 UTC 2026
// 重构日志: 502e6796
// 重构日志: fc76c44c
// 同步 ID: ac3e43f8 @ Mon Jul 20 00:48:04 UTC 2026
// 同步 ID: e64c54fa @ Mon Jul 20 12:01:32 UTC 2026
// 重构日志: 6adcbf45
// 重构日志: af0ce9d0
// 同步 ID: 81e4e3eb @ Thu Jul 23 09:48:37 UTC 2026
// 重构日志: 3ecd4a7b
// 重构日志: 78a53791
// 同步 ID: bf5072df @ Fri Jul 24 15:53:22 UTC 2026
